\BOOKMARK [2][-]{section*.1}{\376\377\000O\000d\000k\000a\000z\000\040\000n\000a\000\040\000t\000u\000t\000o\000\040\000p\000r\000\341\000c\000i}{}% 1
\BOOKMARK [0][-]{chapter*.5}{\376\377\000\332\000v\000o\000d}{}% 2
\BOOKMARK [0][-]{chapter.1}{\376\377\000C\000\355\000l\000\040\000p\000r\000\341\000c\000e}{}% 3
\BOOKMARK [0][-]{chapter.2}{\376\377\000A\000n\000a\000l\000\375\000z\000a}{}% 4
\BOOKMARK [1][-]{section.2.1}{\376\377\000A\000n\000a\000l\000\375\000z\000a\000\040\000p\000o\000d\000o\000b\000n\000\375\000c\000h\000\040\001\131\000e\001\141\000e\000n\000\355}{chapter.2}% 5
\BOOKMARK [2][-]{subsection.2.1.1}{\376\377\0003\000D\000C\000i\000t\000y\000D\000B}{section.2.1}% 6
\BOOKMARK [3][-]{subsubsection.2.1.1.1}{\376\377\000S\000o\000f\000t\000w\000a\000r\000o\000v\000\351\000\040\000p\000o\001\176\000a\000d\000a\000v\000k\000y}{subsection.2.1.1}% 7
\BOOKMARK [3][-]{subsubsection.2.1.1.2}{\376\377\000V\000l\000a\000s\000t\000n\000o\000s\000t\000i}{subsection.2.1.1}% 8
\BOOKMARK [3][-]{subsubsection.2.1.1.3}{\376\377\000R\000o\000z\000d\000\355\000l\000y\000\040\000v\000e\000\040\000f\000u\000n\000k\000c\000i\000o\000n\000a\000l\000i\000t\001\033}{subsection.2.1.1}% 9
\BOOKMARK [2][-]{subsection.2.1.2}{\376\377\000V\000i\000r\000t\000u\000\341\000l\000n\000\355\000\040\000s\000t\000a\000r\000\341\000\040\000P\000r\000a\000h\000a}{section.2.1}% 10
\BOOKMARK [3][-]{subsubsection.2.1.2.1}{\376\377\000S\000o\000f\000t\000w\000a\000r\000o\000v\000\351\000\040\000p\000o\001\176\000a\000d\000a\000v\000k\000y}{subsection.2.1.2}% 11
\BOOKMARK [3][-]{subsubsection.2.1.2.2}{\376\377\000V\000l\000a\000s\000t\000n\000o\000s\000t\000i}{subsection.2.1.2}% 12
\BOOKMARK [3][-]{subsubsection.2.1.2.3}{\376\377\000R\000o\000z\000d\000\355\000l\000y\000\040\000v\000e\000\040\000f\000u\000n\000k\000c\000i\000o\000n\000a\000l\000i\000t\001\033}{subsection.2.1.2}% 13
\BOOKMARK [2][-]{subsection.2.1.3}{\376\377\000E\000t\000r\000u\000s\000k\000\351\000\040\000h\000r\000o\000b\000k\000y}{section.2.1}% 14
\BOOKMARK [3][-]{subsubsection.2.1.3.1}{\376\377\000V\000l\000a\000s\000t\000n\000o\000s\000t\000i}{subsection.2.1.3}% 15
\BOOKMARK [3][-]{subsubsection.2.1.3.2}{\376\377\000R\000o\000z\000d\000\355\000l\000y\000\040\000v\000e\000\040\000f\000u\000n\000k\000c\000i\000o\000n\000a\000l\000i\000t\001\033}{subsection.2.1.3}% 16
\BOOKMARK [2][-]{subsection.2.1.4}{\376\377\000S\000h\000r\000n\000u\000t\000\355}{section.2.1}% 17
\BOOKMARK [1][-]{section.2.2}{\376\377\000A\000n\000a\000l\000\375\000z\000a\000\040\000p\000o\000u\001\176\000i\000t\000\375\000c\000h\000\040\000t\000e\000c\000h\000n\000o\000l\000o\000g\000i\000\355}{chapter.2}% 18
\BOOKMARK [2][-]{subsection.2.2.1}{\376\377\000U\000n\000i\000t\000y}{section.2.2}% 19
\BOOKMARK [3][-]{subsubsection.2.2.1.1}{\376\377\000X\000R\000\040\000v\000\040\000U\000n\000i\000t\000y}{subsection.2.2.1}% 20
\BOOKMARK [3][-]{subsubsection.2.2.1.2}{\376\377\000N\000a\000s\000t\000a\000v\000e\000n\000\355\000\040\000p\000o\000d\000p\000o\000r\000y\000\040\000p\000r\000o\000\040\000V\000R\000\040\000v\000\040\000U\000n\000i\000t\000y}{subsection.2.2.1}% 21
\BOOKMARK [2][-]{subsection.2.2.2}{\376\377\000V\000i\000r\000t\000u\000a\000l\000\040\000R\000e\000a\000l\000i\000t\000y\000\040\000T\000o\000o\000l\000k\000i\000t}{section.2.2}% 22
\BOOKMARK [3][-]{subsubsection.2.2.2.1}{\376\377\000S\000i\000m\000u\000l\000\341\000t\000o\000r\000\040\000V\000R\000T\000K}{subsection.2.2.2}% 23
\BOOKMARK [3][-]{subsubsection.2.2.2.2}{\376\377\000O\000v\000l\000a\000d\000a\001\015\000e\000\040\000p\000o\000h\000y\000b\000u}{subsection.2.2.2}% 24
\BOOKMARK [3][-]{subsubsection.2.2.2.3}{\376\377\000V\000R\000\040\000u\000k\000a\000z\000a\000t\000e\000l}{subsection.2.2.2}% 25
\BOOKMARK [2][-]{subsection.2.2.3}{\376\377\000C\000\043\000,\000\040\000.\000N\000E\000T\000,\000\040\000M\000O\000N\000O}{section.2.2}% 26
\BOOKMARK [3][-]{subsubsection.2.2.3.1}{\376\377\000C\000\043}{subsection.2.2.3}% 27
\BOOKMARK [3][-]{subsubsection.2.2.3.2}{\376\377\000.\000N\000E\000T\000\040\000F\000r\000a\000m\000e\000w\000o\000r\000k}{subsection.2.2.3}% 28
\BOOKMARK [3][-]{subsubsection.2.2.3.3}{\376\377\000M\000o\000n\000o}{subsection.2.2.3}% 29
\BOOKMARK [2][-]{subsection.2.2.4}{\376\377\000S\000w\000a\000g\000g\000e\000r}{section.2.2}% 30
\BOOKMARK [0][-]{chapter.3}{\376\377\000N\000\341\000v\000r\000h}{}% 31
\BOOKMARK [1][-]{section.3.1}{\376\377\000N\000\341\000v\000r\000h\000\040\000a\000r\000c\000h\000i\000t\000e\000k\000t\000u\000r\000y}{chapter.3}% 32
\BOOKMARK [2][-]{subsection.3.1.1}{\376\377\000P\000r\000e\000z\000e\000n\000t\000a\001\015\000n\000\355\000\040\000v\000r\000s\000t\000v\000a}{section.3.1}% 33
\BOOKMARK [2][-]{subsection.3.1.2}{\376\377\000B\000u\000s\000i\000n\000e\000s\000s\000\040\000v\000r\000s\000t\000v\000a}{section.3.1}% 34
\BOOKMARK [2][-]{subsection.3.1.3}{\376\377\000D\000a\000t\000o\000v\000\341\000\040\000v\000r\000s\000t\000v\000a}{section.3.1}% 35
\BOOKMARK [1][-]{section.3.2}{\376\377\000F\000u\000n\000k\001\015\000n\000\355\000\040\000a\000\040\000n\000e\000f\000u\000n\000k\001\015\000n\000\355\000\040\000p\000o\001\176\000a\000d\000a\000v\000k\000y}{chapter.3}% 36
\BOOKMARK [2][-]{subsection.3.2.1}{\376\377\000F\000u\000n\000k\001\015\000n\000\355\000\040\000p\000o\001\176\000a\000d\000a\000v\000k\000y}{section.3.2}% 37
\BOOKMARK [2][-]{subsection.3.2.2}{\376\377\000N\000e\000f\000u\000n\000k\001\015\000n\000\355\000\040\000p\000o\001\176\000a\000d\000a\000v\000k\000y}{section.3.2}% 38
\BOOKMARK [1][-]{section.3.3}{\376\377\000P\001\131\000\355\000p\000a\000d\000y\000\040\000u\001\176\000i\000t\000\355}{chapter.3}% 39
\BOOKMARK [1][-]{section.3.4}{\376\377\000N\000\341\000v\000r\000h\000\040\000p\000o\000u\001\176\000i\000t\000\351\000h\000o\000\040\000A\000P\000I}{chapter.3}% 40
\BOOKMARK [2][-]{subsection.3.4.1}{\376\377\000P\000o\000l\000o\001\176\000k\000y\000\040\000A\000P\000I}{section.3.4}% 41
\BOOKMARK [0][-]{chapter.4}{\376\377\000I\000m\000p\000l\000e\000m\000e\000n\000t\000a\000c\000e}{}% 42
\BOOKMARK [1][-]{section.4.1}{\376\377\000N\000a\000p\000o\000j\000e\000n\000\355\000\040\000n\000a\000\040\000d\000a\000t\000o\000v\000\351\000\040\000\372\000l\000o\001\176\000i\001\141\000t\001\033}{chapter.4}% 43
\BOOKMARK [2][-]{subsubsection.4.1.0.1}{\376\377\000P\001\131\000\355\000m\000\351\000\040\000p\000r\000o\000p\000o\000j\000e\000n\000\355\000\040\000s\000\040\000d\000a\000t\000a\000b\000\341\000z\000\355}{section.4.1}% 44
\BOOKMARK [3][-]{subsubsection.4.1.0.2}{\376\377\000J\000S\000O\000N\000\040\000v\000\040\000U\000n\000i\000t\000y}{subsubsection.4.1.0.1}% 45
\BOOKMARK [3][-]{subsubsection.4.1.0.3}{\376\377\000M\000o\000n\000o\000\040\000a\000\040\000H\000T\000T\000P\000S}{subsubsection.4.1.0.1}% 46
\BOOKMARK [2][-]{subsection.4.1.1}{\376\377\000H\000T\000T\000P\000\040\000p\000r\000o\000p\000o\000j\000e\000n\000\355\000\040\000s\000\040\000A\000P\000I}{section.4.1}% 47
\BOOKMARK [1][-]{section.4.2}{\376\377\000V\000y\000k\000r\000e\000s\000l\000e\000n\000\355\000\040\000v\000\040\000U\000n\000i\000t\000y}{chapter.4}% 48
\BOOKMARK [2][-]{subsection.4.2.1}{\376\377\000T\000e\000x\000t\000u\000r\000y}{section.4.2}% 49
\BOOKMARK [2][-]{subsection.4.2.2}{\376\377\000S\000t\000r\000e\000a\000m\000i\000n\000g\000A\000s\000s\000e\000t\000s}{section.4.2}% 50
\BOOKMARK [1][-]{section.4.3}{\376\377\000P\000r\001\157\000b\001\033\001\176\000n\000\341\000\040\000i\000n\000t\000e\000g\000r\000a\000c\000e}{chapter.4}% 51
\BOOKMARK [2][-]{subsection.4.3.1}{\376\377\000T\000r\000a\000v\000i\000s\000C\000I}{section.4.3}% 52
\BOOKMARK [2][-]{subsection.4.3.2}{\376\377\000C\000I\000\040\000a\000\040\000U\000n\000i\000t\000y}{section.4.3}% 53
\BOOKMARK [1][-]{section.4.4}{\376\377\000G\000r\000a\000f\000i\000c\000k\000\351\000\040\000u\001\176\000i\000v\000a\000t\000e\000l\000s\000k\000\351\000\040\000r\000o\000z\000h\000r\000a\000n\000\355}{chapter.4}% 54
\BOOKMARK [2][-]{subsection.4.4.1}{\376\377\000P\000o\000u\001\176\000i\000t\000e\000l\000n\000o\000s\000t\000\040\000G\000U\000I\000\040\000p\000r\000o\000\040\000V\000R}{section.4.4}% 55
\BOOKMARK [2][-]{subsection.4.4.2}{\376\377\000P\000r\000v\000o\000t\000n\000\355\000\040\000n\000\341\000v\000r\000h}{section.4.4}% 56
\BOOKMARK [3][-]{subsubsection.4.4.2.1}{\376\377\000C\000e\000l\000k\000o\000v\000\375\000\040\000k\000o\000n\000c\000e\000p\000t}{subsection.4.4.2}% 57
\BOOKMARK [3][-]{subsubsection.4.4.2.2}{\376\377\000V\000\375\000b\001\033\000r\000\040\000l\000o\000k\000a\000l\000i\000t\000y}{subsection.4.4.2}% 58
\BOOKMARK [3][-]{subsubsection.4.4.2.3}{\376\377\000V\000\375\000b\001\033\000r\000\040\000p\000o\001\015\000a\000s\000\355}{subsection.4.4.2}% 59
\BOOKMARK [3][-]{subsubsection.4.4.2.4}{\376\377\000A\000d\000m\000i\000n\000i\000s\000t\000r\000\341\000t\000o\000r\000s\000k\000\375\000\040\000r\000e\001\176\000i\000m}{subsection.4.4.2}% 60
\BOOKMARK [1][-]{section.4.5}{\376\377\000U\001\176\000i\000v\000a\000t\000e\000l\000s\000k\000\351\000\040\000t\000e\000s\000t\000o\000v\000\341\000n\000\355}{chapter.4}% 61
\BOOKMARK [2][-]{subsection.4.5.1}{\376\377\000S\000p\000e\000c\000i\000f\000i\000k\000a\000\040\000t\000e\000s\000t\000o\000v\000\341\000n\000\355\000\040\000V\000R\000\040\000a\000p\000l\000i\000k\000a\000c\000\355}{section.4.5}% 62
\BOOKMARK [2][-]{subsection.4.5.2}{\376\377\000P\000r\001\157\000b\001\033\000h\000\040\000t\000e\000s\000t\000o\000v\000\341\000n\000\355\000\040\000a\000p\000l\000i\000k\000a\000c\000e}{section.4.5}% 63
\BOOKMARK [1][-]{section.4.6}{\376\377\000U\001\176\000i\000v\000a\000t\000e\000l\000s\000k\000\341\000\040\000p\001\131\000\355\000r\000u\001\015\000k\000a}{chapter.4}% 64
\BOOKMARK [2][-]{subsection.4.6.1}{\376\377\000I\000n\000s\000t\000a\000l\000a\000c\000e\000\040\000n\000a\000\040\000P\000C}{section.4.6}% 65
\BOOKMARK [2][-]{subsection.4.6.2}{\376\377\000O\000v\000l\000\341\000d\000\341\000n\000\355\000\040\000s\000i\000m\000u\000l\000\341\000t\000o\000r\000u}{section.4.6}% 66
\BOOKMARK [3][-]{subsubsection.4.6.2.1}{\376\377\000M\000\363\000d\000\040\000o\000v\000l\000\341\000d\000\341\000n\000\355\000\040\000k\000a\000m\000e\000r\000y}{subsection.4.6.2}% 67
\BOOKMARK [3][-]{subsubsection.4.6.2.2}{\376\377\000M\000\363\000d\000\040\000p\000o\000h\000y\000b\001\157\000\040\000r\000u\000k\000o\000u}{subsection.4.6.2}% 68
\BOOKMARK [0][-]{chapter*.6}{\376\377\000Z\000\341\000v\001\033\000r}{}% 69
\BOOKMARK [0][-]{chapter*.7}{\376\377\000L\000i\000t\000e\000r\000a\000t\000u\000r\000a}{}% 70
\BOOKMARK [0][-]{appendix.A}{\376\377\000S\000e\000z\000n\000a\000m\000\040\000p\000o\000u\001\176\000i\000t\000\375\000c\000h\000\040\000z\000k\000r\000a\000t\000e\000k}{}% 71
\BOOKMARK [0][-]{appendix.B}{\376\377\000O\000b\000s\000a\000h\000\040\000p\001\131\000i\000l\000o\001\176\000e\000n\000\351\000\040\000S\000D\000\040\000k\000a\000r\000t\000y}{}% 72
\BOOKMARK [0][-]{appendix.C}{\376\377\000S\000c\000\351\000n\000\341\001\131\000\040\000u\001\176\000i\000v\000a\000t\000e\000l\000s\000k\000\351\000h\000o\000\040\000t\000e\000s\000t\000o\000v\000\341\000n\000\355}{}% 73
\BOOKMARK [0][-]{appendix.D}{\376\377\000D\000o\000t\000a\000z\000n\000\355\000k\000\040\000p\000r\000o\000\040\000u\001\176\000i\000v\000a\000t\000e\000l\000s\000k\000\351\000\040\000t\000e\000s\000t\000o\000v\000\341\000n\000\355}{}% 74
